<?xml version="1.0" encoding="UTF-8"?>
<!-- Generated by org.testng.reporters.JUnitReportReporter -->
<testsuite hostname="Ashwins-MacBook-Air.local" failures="0" tests="1" name="com.ash.tests.RecritmentCreation" time="33.626" errors="0" timestamp="2025-06-29T18:10:54 IST" skipped="0">
  <testcase classname="com.ash.tests.RecritmentCreation" name="Recruit" time="33.626"/>
</testsuite> <!-- com.ash.tests.RecritmentCreation -->
